<?xml version="1.0" encoding="UTF-8"?>
<!-- Generated by org.testng.reporters.JUnitReportReporter -->
<testsuite name="qsp.DemoA" tests="1" time="2.718" ignored="0" failures="0" timestamp="28 Jan 2018 12:41:50 GMT" skipped="0" hostname="CBT-LAB-003" errors="0">
  <testcase name="testA" time="2.718" classname="qsp.DemoA"/>
</testsuite> <!-- qsp.DemoA -->
